<?xml version="1.0" encoding="UTF-8"?>
<!-- Generated by org.testng.reporters.JUnitReportReporter -->
<testsuite skipped="0" hostname="prajaktaka-w10" name="com.script.Main" tests="1" failures="0" timestamp="25 Jul 2022 07:09:34 GMT" time="28.327" errors="0">
  <testcase name="extentReportsDemo" time="28.327" classname="com.script.Main"/>
</testsuite> <!-- com.script.Main -->
